2016-08-10	12:46:40	Started Straintech Automatic Reporting
2016-08-10	12:46:40	Completed Loading Configuration settings
2016-08-10	12:46:40	Fetch SQL Data forDT002
2016-08-10	12:46:40	No Truck Data for DT002 --- Error
2016-08-10	12:46:40	Fetch SQL Data forDT002
2016-08-10	12:46:41	No Truck Data for DT002 --- Error
2016-08-10	12:46:41	Fetch SQL Data forDT003
2016-08-10	12:46:41	Got Data for DT003
2016-08-10	12:46:41	Fetch SQL Data forDT003
2016-08-10	12:46:41	Got Data for DT003
2016-08-10	12:46:41	Fetch SQL Data forDT004
2016-08-10	12:46:42	Got Data for DT004
2016-08-10	12:46:42	Fetch SQL Data forDT004
2016-08-10	12:46:42	Got Data for DT004
2016-08-10	12:46:42	Fetch SQL Data forDT006
2016-08-10	12:46:42	Got Data for DT006
2016-08-10	12:46:42	Fetch SQL Data forDT006
2016-08-10	12:46:42	Got Data for DT006
2016-08-10	12:46:42	Payload Report Created
2016-08-10	12:46:42	TKMS Report Created
2016-08-10	12:46:43	Emailed reports completed
2016-08-10	12:46:43	Finished Straintech Automatic Reports
######################################################################
2016-08-10	12:55:52	Started Straintech Automatic Reporting
2016-08-10	12:55:52	Completed Loading Configuration settings
2016-08-10	12:55:52	Fetch SQL Data forDT002
2016-08-10	12:55:52	No Truck Data for DT002 --- Error
2016-08-10	12:55:52	Fetch SQL Data forDT002
2016-08-10	12:55:53	No Truck Data for DT002 --- Error
2016-08-10	12:55:53	Fetch SQL Data forDT003
2016-08-10	12:55:53	Got Data for DT003
2016-08-10	12:55:53	Fetch SQL Data forDT003
2016-08-10	12:55:53	Got Data for DT003
2016-08-10	12:55:53	Fetch SQL Data forDT004
2016-08-10	12:55:53	Got Data for DT004
2016-08-10	12:55:54	Fetch SQL Data forDT004
2016-08-10	12:55:54	Got Data for DT004
2016-08-10	12:55:54	Fetch SQL Data forDT006
2016-08-10	12:55:54	Got Data for DT006
2016-08-10	12:55:54	Fetch SQL Data forDT006
2016-08-10	12:55:54	Got Data for DT006
2016-08-10	12:55:54	Payload Report Created
2016-08-10	12:55:54	TKMS Report Created
2016-08-10	12:55:55	Emailed reports completed
2016-08-10	12:55:55	Finished Straintech Automatic Reports
######################################################################
2016-08-10	12:58:06	Started Straintech Automatic Reporting
2016-08-10	12:58:06	Completed Loading Configuration settings
2016-08-10	12:58:06	Fetch SQL Data forDT002
2016-08-10	12:58:06	No Truck Data for DT002 --- Error
2016-08-10	12:58:06	Fetch SQL Data forDT002
2016-08-10	12:58:06	No Truck Data for DT002 --- Error
2016-08-10	12:58:06	Fetch SQL Data forDT003
2016-08-10	12:58:07	Got Data for DT003
2016-08-10	12:58:07	Fetch SQL Data forDT003
2016-08-10	12:58:07	Got Data for DT003
2016-08-10	12:58:07	Fetch SQL Data forDT004
2016-08-10	12:58:07	Got Data for DT004
2016-08-10	12:58:07	Fetch SQL Data forDT004
2016-08-10	12:58:07	Got Data for DT004
2016-08-10	12:58:07	Fetch SQL Data forDT006
2016-08-10	12:58:08	Got Data for DT006
2016-08-10	12:58:08	Fetch SQL Data forDT006
2016-08-10	12:58:08	Got Data for DT006
2016-08-10	12:58:08	Payload Report Created
2016-08-10	12:58:08	TKMS Report Created
2016-08-10	12:58:09	Emailed reports completed
2016-08-10	12:58:09	Finished Straintech Automatic Reports
######################################################################
2016-08-10	13:03:55	Started Straintech Automatic Reporting
2016-08-10	13:03:55	Loading Configuration xml file settings
2016-08-10	13:03:55	Completed Loading Configuration settings
2016-08-10	13:03:55	Fetch SQL Data forDT002
2016-08-10	13:03:55	No Truck Data for DT002 --- Error
2016-08-10	13:03:55	Fetch SQL Data forDT002
2016-08-10	13:03:55	No Truck Data for DT002 --- Error
2016-08-10	13:03:56	Fetch SQL Data forDT003
2016-08-10	13:03:56	Got Data for DT003
2016-08-10	13:03:56	Fetch SQL Data forDT003
2016-08-10	13:03:56	Got Data for DT003
2016-08-10	13:03:56	Fetch SQL Data forDT004
2016-08-10	13:03:56	Got Data for DT004
2016-08-10	13:03:56	Fetch SQL Data forDT004
2016-08-10	13:03:57	Got Data for DT004
2016-08-10	13:03:57	Fetch SQL Data forDT006
2016-08-10	13:03:57	Got Data for DT006
2016-08-10	13:03:57	Fetch SQL Data forDT006
2016-08-10	13:03:57	Got Data for DT006
2016-08-10	13:03:57	Payload Report Created
2016-08-10	13:03:57	TKMS Report Created
2016-08-10	13:03:58	Emailed reports completed
2016-08-10	13:03:58	Finished Straintech Automatic Reports
######################################################################
2016-08-10	13:06:58	Started Straintech Automatic Reporting
2016-08-10	13:06:58	Loading Configuration xml file settings
2016-08-10	13:06:58	Completed Loading Configuration settings
2016-08-10	13:06:58	Fetch SQL Data forDT002
2016-08-10	13:06:59	No Truck Data for DT002 --- Error
2016-08-10	13:06:59	Fetch SQL Data forDT002
2016-08-10	13:06:59	No Truck Data for DT002 --- Error
2016-08-10	13:06:59	Fetch SQL Data forDT003
2016-08-10	13:06:59	Got Data for DT003
2016-08-10	13:06:59	Fetch SQL Data forDT003
2016-08-10	13:06:59	Got Data for DT003
2016-08-10	13:06:59	Fetch SQL Data forDT004
2016-08-10	13:07:00	Got Data for DT004
2016-08-10	13:07:00	Fetch SQL Data forDT004
2016-08-10	13:07:00	Got Data for DT004
2016-08-10	13:07:00	Fetch SQL Data forDT006
2016-08-10	13:07:00	Got Data for DT006
2016-08-10	13:07:00	Fetch SQL Data forDT006
2016-08-10	13:07:01	Got Data for DT006
2016-08-10	13:07:19	Started Straintech Automatic Reporting
2016-08-10	13:07:19	Loading Configuration xml file settings
2016-08-10	13:07:19	Completed Loading Configuration settings
2016-08-10	13:07:19	Fetch SQL Data forDT002
2016-08-10	13:07:19	No Truck Data for DT002 --- Error
2016-08-10	13:07:20	Fetch SQL Data forDT002
2016-08-10	13:07:20	No Truck Data for DT002 --- Error
2016-08-10	13:07:20	Fetch SQL Data forDT003
2016-08-10	13:07:20	Got Data for DT003
2016-08-10	13:07:20	Fetch SQL Data forDT003
2016-08-10	13:07:20	Got Data for DT003
2016-08-10	13:07:20	Fetch SQL Data forDT004
2016-08-10	13:07:21	Got Data for DT004
2016-08-10	13:07:21	Fetch SQL Data forDT004
2016-08-10	13:07:21	Got Data for DT004
2016-08-10	13:07:21	Fetch SQL Data forDT006
2016-08-10	13:07:21	Got Data for DT006
2016-08-10	13:07:21	Fetch SQL Data forDT006
2016-08-10	13:07:21	Got Data for DT006
2016-08-10	13:07:22	Payload Report Created
2016-08-10	13:07:22	TKMS Report Created
2016-08-10	13:07:22	Emailed reports completed
2016-08-10	13:07:22	Finished Straintech Automatic Reports
######################################################################
2016-08-10	13:15:03	Started Straintech Automatic Reporting
2016-08-10	13:15:03	Loading Configuration xml file settings
2016-08-10	13:15:03	Completed Loading Configuration settings
2016-08-10	13:15:03	Fetch SQL Data forDT002
2016-08-10	13:15:03	No Truck Data for DT002 --- Error
2016-08-10	13:15:03	Fetch SQL Data forDT002
2016-08-10	13:15:04	No Truck Data for DT002 --- Error
2016-08-10	13:15:04	Fetch SQL Data forDT003
2016-08-10	13:15:04	Got Data for DT003
2016-08-10	13:15:04	Fetch SQL Data forDT003
2016-08-10	13:15:04	Got Data for DT003
2016-08-10	13:15:04	Fetch SQL Data forDT004
2016-08-10	13:15:04	Got Data for DT004
2016-08-10	13:15:04	Fetch SQL Data forDT004
2016-08-10	13:15:04	Got Data for DT004
2016-08-10	13:15:04	Fetch SQL Data forDT006
2016-08-10	13:15:05	Got Data for DT006
2016-08-10	13:15:05	Fetch SQL Data forDT006
2016-08-10	13:15:05	Got Data for DT006
2016-08-10	13:16:34	Started Straintech Automatic Reporting
2016-08-10	13:16:34	Loading Configuration xml file settings
2016-08-10	13:16:34	Completed Loading Configuration settings
2016-08-10	13:16:34	Fetch SQL Data forDT002
2016-08-10	13:16:35	No Truck Data for DT002 --- Error
2016-08-10	13:16:35	Fetch SQL Data forDT002
2016-08-10	13:16:35	No Truck Data for DT002 --- Error
2016-08-10	13:16:35	Fetch SQL Data forDT003
2016-08-10	13:16:35	Got Data for DT003
2016-08-10	13:16:35	Fetch SQL Data forDT003
2016-08-10	13:16:35	Got Data for DT003
2016-08-10	13:16:35	Fetch SQL Data forDT004
2016-08-10	13:16:35	Got Data for DT004
2016-08-10	13:16:35	Fetch SQL Data forDT004
2016-08-10	13:16:36	Got Data for DT004
2016-08-10	13:16:36	Fetch SQL Data forDT006
2016-08-10	13:16:36	Got Data for DT006
2016-08-10	13:16:36	Fetch SQL Data forDT006
2016-08-10	13:16:36	Got Data for DT006
2016-08-10	13:18:18	Started Straintech Automatic Reporting
2016-08-10	13:18:18	Loading Configuration xml file settings
2016-08-10	13:18:18	Completed Loading Configuration settings
2016-08-10	13:18:18	Fetch SQL Data forDT002
2016-08-10	13:18:18	No Truck Data for DT002 --- Error
2016-08-10	13:18:18	Fetch SQL Data forDT002
2016-08-10	13:18:18	No Truck Data for DT002 --- Error
2016-08-10	13:18:18	Fetch SQL Data forDT003
2016-08-10	13:18:19	Got Data for DT003
2016-08-10	13:18:19	Fetch SQL Data forDT003
2016-08-10	13:18:19	Got Data for DT003
2016-08-10	13:18:19	Fetch SQL Data forDT004
2016-08-10	13:18:19	Got Data for DT004
2016-08-10	13:18:19	Fetch SQL Data forDT004
2016-08-10	13:18:19	Got Data for DT004
2016-08-10	13:18:19	Fetch SQL Data forDT006
2016-08-10	13:18:20	Got Data for DT006
2016-08-10	13:18:20	Fetch SQL Data forDT006
2016-08-10	13:18:20	Got Data for DT006
2016-08-10	13:18:20	Payload Report Created
2016-08-10	13:18:20	TKMS Report Created
2016-08-10	13:18:20	Emailed reports completed
2016-08-10	13:18:20	Finished Straintech Automatic Reports
######################################################################
2016-08-10	13:24:35	Started Straintech Automatic Reporting
2016-08-10	13:24:35	Loading Configuration xml file settings
2016-08-10	13:24:35	Completed Loading Configuration settings
2016-08-10	13:24:35	Fetch SQL Data forDT002
2016-08-10	13:24:35	No Truck Data for DT002 --- Error
2016-08-10	13:24:35	Fetch SQL Data forDT002
2016-08-10	13:24:35	No Truck Data for DT002 --- Error
2016-08-10	13:24:35	Fetch SQL Data forDT003
2016-08-10	13:24:35	Got Data for DT003
2016-08-10	13:24:35	Fetch SQL Data forDT003
2016-08-10	13:24:35	Got Data for DT003
2016-08-10	13:24:36	Fetch SQL Data forDT004
2016-08-10	13:24:36	Got Data for DT004
2016-08-10	13:24:36	Fetch SQL Data forDT004
2016-08-10	13:24:36	Got Data for DT004
2016-08-10	13:24:36	Fetch SQL Data forDT006
2016-08-10	13:24:36	Got Data for DT006
2016-08-10	13:24:36	Fetch SQL Data forDT006
2016-08-10	13:24:36	Got Data for DT006
2016-08-10	13:24:36	Payload Report Created
2016-08-10	13:24:36	TKMS Report Created
2016-08-10	13:24:37	Emailed reports completed
2016-08-10	13:24:37	Finished Straintech Automatic Reports
######################################################################

